# JRE version: OpenJDK Runtime Environment Temurin-21.0.6+7 (21.0.6+7) (build 21.0.6+7-LTS)
# Java VM: OpenJDK 64-Bit Server VM Temurin-21.0.6+7 (21.0.6+7-LTS, mixed mode, sharing, tiered, compressed oops, compressed class ptrs, g1 gc, bsd-aarch64)
Heap:
 garbage-first heap   total 133120K, used 117983K [0x0000000780000000, 0x0000000800000000)
  region size 1024K, 61 young (62464K), 1 survivors (1024K)
 Metaspace       used 15888K, committed 16192K, reserved 1114112K
  class space    used 1692K, committed 1856K, reserved 1048576K
GC Heap History (20 events):
Event: 1504.948 GC heap before
{Heap before GC invocations=1698 (full 0):
 garbage-first heap   total 133120K, used 122084K [0x0000000780000000, 0x0000000800000000)
  region size 1024K, 65 young (66560K), 1 survivors (1024K)
 Metaspace       used 15888K, committed 16192K, reserved 1114112K
  class space    used 1692K, committed 1856K, reserved 1048576K
}
Event: 1504.949 GC heap after
{Heap after GC invocations=1699 (full 0):
 garbage-first heap   total 133120K, used 56548K [0x0000000780000000, 0x0000000800000000)
  region size 1024K, 1 young (1024K), 1 survivors (1024K)
 Metaspace       used 15888K, committed 16192K, reserved 1114112K
  class space    used 1692K, committed 1856K, reserved 1048576K
}
Event: 1505.907 GC heap before
{Heap before GC invocations=1699 (full 0):
 garbage-first heap   total 133120K, used 122084K [0x0000000780000000, 0x0000000800000000)
  region size 1024K, 65 young (66560K), 1 survivors (1024K)
 Metaspace       used 15888K, committed 16192K, reserved 1114112K
  class space    used 1692K, committed 1856K, reserved 1048576K
}
Event: 1505.907 GC heap after
{Heap after GC invocations=1700 (full 0):
 garbage-first heap   total 133120K, used 56544K [0x0000000780000000, 0x0000000800000000)
  region size 1024K, 1 young (1024K), 1 survivors (1024K)
 Metaspace       used 15888K, committed 16192K, reserved 1114112K
  class space    used 1692K, committed 1856K, reserved 1048576K
}
Event: 1506.858 GC heap before
{Heap before GC invocations=1700 (full 0):
 garbage-first heap   total 133120K, used 122080K [0x0000000780000000, 0x0000000800000000)
  region size 1024K, 65 young (66560K), 1 survivors (1024K)
 Metaspace       used 15888K, committed 16192K, reserved 1114112K
  class space    used 1692K, committed 1856K, reserved 1048576K
}
Event: 1506.858 GC heap after
{Heap after GC invocations=1701 (full 0):
 garbage-first heap   total 133120K, used 56548K [0x0000000780000000, 0x0000000800000000)
  region size 1024K, 1 young (1024K), 1 survivors (1024K)
 Metaspace       used 15888K, committed 16192K, reserved 1114112K
  class space    used 1692K, committed 1856K, reserved 1048576K
}
Event: 1507.829 GC heap before
{Heap before GC invocations=1701 (full 0):
 garbage-first heap   total 133120K, used 122084K [0x0000000780000000, 0x0000000800000000)
  region size 1024K, 65 young (66560K), 1 survivors (1024K)
 Metaspace       used 15888K, committed 16192K, reserved 1114112K
  class space    used 1692K, committed 1856K, reserved 1048576K
}
Event: 1507.830 GC heap after
{Heap after GC invocations=1702 (full 0):
 garbage-first heap   total 133120K, used 56548K [0x0000000780000000, 0x0000000800000000)
  region size 1024K, 1 young (1024K), 1 survivors (1024K)
 Metaspace       used 15888K, committed 16192K, reserved 1114112K
  class space    used 1692K, committed 1856K, reserved 1048576K
}
Event: 1508.791 GC heap before
{Heap before GC invocations=1702 (full 0):
 garbage-first heap   total 133120K, used 122084K [0x0000000780000000, 0x0000000800000000)
  region size 1024K, 65 young (66560K), 1 survivors (1024K)
 Metaspace       used 15888K, committed 16192K, reserved 1114112K
  class space    used 1692K, committed 1856K, reserved 1048576K
}
Event: 1508.792 GC heap after
{Heap after GC invocations=1703 (full 0):
 garbage-first heap   total 133120K, used 56546K [0x0000000780000000, 0x0000000800000000)
  region size 1024K, 1 young (1024K), 1 survivors (1024K)
 Metaspace       used 15888K, committed 16192K, reserved 1114112K
  class space    used 1692K, committed 1856K, reserved 1048576K
}
Event: 1509.749 GC heap before
{Heap before GC invocations=1703 (full 0):
 garbage-first heap   total 133120K, used 122082K [0x0000000780000000, 0x0000000800000000)
  region size 1024K, 65 young (66560K), 1 survivors (1024K)
 Metaspace       used 15888K, committed 16192K, reserved 1114112K
  class space    used 1692K, committed 1856K, reserved 1048576K
}
Event: 1509.749 GC heap after
{Heap after GC invocations=1704 (full 0):
 garbage-first heap   total 133120K, used 56548K [0x0000000780000000, 0x0000000800000000)
  region size 1024K, 1 young (1024K), 1 survivors (1024K)
 Metaspace       used 15888K, committed 16192K, reserved 1114112K
  class space    used 1692K, committed 1856K, reserved 1048576K
}
Event: 1510.713 GC heap before
{Heap before GC invocations=1704 (full 0):
 garbage-first heap   total 133120K, used 122084K [0x0000000780000000, 0x0000000800000000)
  region size 1024K, 65 young (66560K), 1 survivors (1024K)
 Metaspace       used 15888K, committed 16192K, reserved 1114112K
  class space    used 1692K, committed 1856K, reserved 1048576K
}
Event: 1510.713 GC heap after
{Heap after GC invocations=1705 (full 0):
 garbage-first heap   total 133120K, used 56546K [0x0000000780000000, 0x0000000800000000)
  region size 1024K, 1 young (1024K), 1 survivors (1024K)
 Metaspace       used 15888K, committed 16192K, reserved 1114112K
  class space    used 1692K, committed 1856K, reserved 1048576K
}
Event: 1511.715 GC heap before
{Heap before GC invocations=1705 (full 0):
 garbage-first heap   total 133120K, used 122082K [0x0000000780000000, 0x0000000800000000)
  region size 1024K, 65 young (66560K), 1 survivors (1024K)
 Metaspace       used 15888K, committed 16192K, reserved 1114112K
  class space    used 1692K, committed 1856K, reserved 1048576K
}
Event: 1511.716 GC heap after
{Heap after GC invocations=1706 (full 0):
 garbage-first heap   total 133120K, used 56547K [0x0000000780000000, 0x0000000800000000)
  region size 1024K, 1 young (1024K), 1 survivors (1024K)
 Metaspace       used 15888K, committed 16192K, reserved 1114112K
  class space    used 1692K, committed 1856K, reserved 1048576K
}
Event: 1512.696 GC heap before
{Heap before GC invocations=1706 (full 0):
 garbage-first heap   total 133120K, used 122083K [0x0000000780000000, 0x0000000800000000)
  region size 1024K, 65 young (66560K), 1 survivors (1024K)
 Metaspace       used 15888K, committed 16192K, reserved 1114112K
  class space    used 1692K, committed 1856K, reserved 1048576K
}
Event: 1512.696 GC heap after
{Heap after GC invocations=1707 (full 0):
 garbage-first heap   total 133120K, used 56551K [0x0000000780000000, 0x0000000800000000)
  region size 1024K, 1 young (1024K), 1 survivors (1024K)
 Metaspace       used 15888K, committed 16192K, reserved 1114112K
  class space    used 1692K, committed 1856K, reserved 1048576K
}
Event: 1514.029 GC heap before
{Heap before GC invocations=1707 (full 0):
 garbage-first heap   total 133120K, used 122087K [0x0000000780000000, 0x0000000800000000)
  region size 1024K, 65 young (66560K), 1 survivors (1024K)
 Metaspace       used 15888K, committed 16192K, reserved 1114112K
  class space    used 1692K, committed 1856K, reserved 1048576K
}
Event: 1514.032 GC heap after
{Heap after GC invocations=1708 (full 0):
 garbage-first heap   total 133120K, used 56543K [0x0000000780000000, 0x0000000800000000)
  region size 1024K, 1 young (1024K), 1 survivors (1024K)
 Metaspace       used 15888K, committed 16192K, reserved 1114112K
  class space    used 1692K, committed 1856K, reserved 1048576K
}

